Using pre-set license
Built from '2021.1/staging' branch; Version is '2021.1.23f1 (b50729e604a9) revision 11863849'; Using compiler version '192528614'; Build Type 'Release'
OS: 'Windows 10 Pro; OS build 19042.1348; Version 2009; 64bit' Language: 'de' Physical Memory: 16254 MB
BatchMode: 1, IsHumanControllingUs: 0, StartBugReporterOnCrash: 0, Is64bit: 1, IsPro: 0

COMMAND LINE ARGUMENTS:
C:\Program Files\Unity\Hub\Editor\2021.1.23f1\Editor\Unity.exe
-adb2
-batchMode
-noUpm
-name
AssetImportWorker0
-projectPath
D:/!pokemoney-localgit/pokemonEy/New Unity Project (1)
-logFile
Logs/AssetImportWorker0.log
-srvPort
58594
Successfully changed project path to: D:/!pokemoney-localgit/pokemonEy/New Unity Project (1)
D:/!pokemoney-localgit/pokemonEy/New Unity Project (1)
Using Asset Import Pipeline V2.
Refreshing native plugins compatible for Editor in 113.63 ms, found 4 plugins.
Preloading 0 native plugins for Editor in 0.00 ms.
Initialize engine version: 2021.1.23f1 (b50729e604a9)
[Subsystems] Discovering subsystems at path C:/Program Files/Unity/Hub/Editor/2021.1.23f1/Editor/Data/Resources/UnitySubsystems
[Subsystems] Discovering subsystems at path D:/!pokemoney-localgit/pokemonEy/New Unity Project (1)/Assets
GfxDevice: creating device client; threaded=0; jobified=0
Direct3D:
    Version:  Direct3D 11.0 [level 11.1]
    Renderer: NVIDIA GeForce MX250 (ID=0x1d13)
    Vendor:   NVIDIA
    VRAM:     1983 MB
    Driver:   30.0.14.7242
Initialize mono
Mono path[0] = 'C:/Program Files/Unity/Hub/Editor/2021.1.23f1/Editor/Data/Managed'
Mono path[1] = 'C:/Program Files/Unity/Hub/Editor/2021.1.23f1/Editor/Data/MonoBleedingEdge/lib/mono/unityjit'
Mono config path = 'C:/Program Files/Unity/Hub/Editor/2021.1.23f1/Editor/Data/MonoBleedingEdge/etc'
Using monoOptions --debugger-agent=transport=dt_socket,embedding=1,server=y,suspend=n,address=127.0.0.1:56900
Begin MonoManager ReloadAssembly
Registering precompiled unity dll's ...
Register platform support module: C:/Program Files/Unity/Hub/Editor/2021.1.23f1/Editor/Data/PlaybackEngines/WindowsStandaloneSupport/UnityEditor.WindowsStandalone.Extensions.dll
Registered in 0.001972 seconds.
Native extension for WindowsStandalone target not found
Refreshing native plugins compatible for Editor in 102.91 ms, found 4 plugins.
Preloading 0 native plugins for Editor in 0.00 ms.
Mono: successfully reloaded assembly
- Completed reload, in  1.343 seconds
Domain Reload Profiling:
	ReloadAssembly (1343ms)
		BeginReloadAssembly (72ms)
			ExecutionOrderSort (0ms)
			DisableScriptedObjects (0ms)
			BackupInstance (0ms)
			ReleaseScriptingObjects (0ms)
			CreateAndSetChildDomain (1ms)
		EndReloadAssembly (476ms)
			LoadAssemblies (70ms)
			RebuildTransferFunctionScriptingTraits (0ms)
			SetupTypeCache (163ms)
			ReleaseScriptCaches (0ms)
			RebuildScriptCaches (30ms)
			SetupLoadedEditorAssemblies (237ms)
				LogAssemblyErrors (0ms)
				InitializePlatformSupportModulesInManaged (6ms)
				SetLoadedEditorAssemblies (0ms)
				RefreshPlugins (103ms)
				BeforeProcessingInitializeOnLoad (1ms)
				ProcessInitializeOnLoadAttributes (96ms)
				ProcessInitializeOnLoadMethodAttributes (29ms)
				AfterProcessingInitializeOnLoad (0ms)
				EditorAssembliesLoaded (0ms)
			ExecutionOrderSort2 (0ms)
			AwakeInstancesAfterBackupRestoration (0ms)
Platform modules already initialized, skipping
Registering precompiled user dll's ...
Registered in 0.004274 seconds.
Begin MonoManager ReloadAssembly
Symbol file LoadedFromMemory doesn't match image D:\!pokemoney-localgit\pokemonEy\New Unity Project (1)\Library\PackageCache\com.unity.visualscripting@1.6.1\Editor\VisualScripting.Core\Dependencies\YamlDotNet\Unity.VisualScripting.YamlDotNet.dll
Symbol file LoadedFromMemory doesn't match image D:\!pokemoney-localgit\pokemonEy\New Unity Project (1)\Library\PackageCache\com.unity.visualscripting@1.6.1\Editor\VisualScripting.Core\Dependencies\DotNetZip\Unity.VisualScripting.IonicZip.dll
Native extension for WindowsStandalone target not found
Refreshing native plugins compatible for Editor in 103.71 ms, found 4 plugins.
Preloading 0 native plugins for Editor in 0.00 ms.
Mono: successfully reloaded assembly
- Completed reload, in  1.352 seconds
Domain Reload Profiling:
	ReloadAssembly (1352ms)
		BeginReloadAssembly (173ms)
			ExecutionOrderSort (0ms)
			DisableScriptedObjects (5ms)
			BackupInstance (0ms)
			ReleaseScriptingObjects (0ms)
			CreateAndSetChildDomain (23ms)
		EndReloadAssembly (1110ms)
			LoadAssemblies (114ms)
			RebuildTransferFunctionScriptingTraits (0ms)
			SetupTypeCache (372ms)
			ReleaseScriptCaches (1ms)
			RebuildScriptCaches (62ms)
			SetupLoadedEditorAssemblies (480ms)
				LogAssemblyErrors (0ms)
				InitializePlatformSupportModulesInManaged (4ms)
				SetLoadedEditorAssemblies (0ms)
				RefreshPlugins (104ms)
				BeforeProcessingInitializeOnLoad (87ms)
				ProcessInitializeOnLoadAttributes (260ms)
				ProcessInitializeOnLoadMethodAttributes (16ms)
				AfterProcessingInitializeOnLoad (9ms)
				EditorAssembliesLoaded (0ms)
			ExecutionOrderSort2 (0ms)
			AwakeInstancesAfterBackupRestoration (7ms)
Platform modules already initialized, skipping
========================================================================
Worker process is ready to serve import requests
Launched and connected shader compiler UnityShaderCompiler.exe after 0.08 seconds
Refreshing native plugins compatible for Editor in 0.95 ms, found 4 plugins.
Preloading 0 native plugins for Editor in 0.00 ms.
Unloading 3844 Unused Serialized files (Serialized files now loaded: 0)
System memory in use before: 142.4 MB.
System memory in use after: 142.6 MB.

Unloading 30 unused Assets to reduce memory usage. Loaded Objects now: 4292.
Total: 4.596100 ms (FindLiveObjects: 0.348600 ms CreateObjectMapping: 0.213900 ms MarkObjects: 3.964700 ms  DeleteObjects: 0.067600 ms)

AssetImportParameters requested are different than current active one (requested -> active):
  custom:framework-win-MediaFoundation: 216162199b28c13a410421893ffa2e32 -> 
  custom:video-decoder-ogg-theora: a1e56fd34408186e4bbccfd4996cb3dc -> 
  custom:container-muxer-webm: aa71ff27fc2769a1b78a27578f13a17b -> 
  custom:container-demuxer-webm: 4f35f7cbe854078d1ac9338744f61a02 -> 
  custom:container-demuxer-ogg: 62fdf1f143b41e24485cea50d1cbac27 -> 
  custom:video-encoder-webm-vp8: eb34c28f22e8b96e1ab97ce403110664 -> 
  custom:video-decoder-webm-vp8: 9c59270c3fd7afecdb556c50c9e8de78 -> 
  custom:audio-decoder-ogg-vorbis: bf7c407c2cedff20999df2af8eb42d56 -> 
  custom:audio-encoder-webm-vorbis: bf7c407c2cedff20999df2af8eb42d56 -> 
========================================================================
Received Import Request.
  path: Assets/Scenes/4CollitionScene.unity
  artifactKey: Guid(78a56bf69e4e0a84fb8a6c76053b104e) Importer(815301076,1909f56bfc062723c751e8b465ee728b)
Start importing Assets/Scenes/4CollitionScene.unity using Guid(78a56bf69e4e0a84fb8a6c76053b104e) Importer(815301076,1909f56bfc062723c751e8b465ee728b)  -> (artifact id: 'c64014ba87a42a6be23e9d7378d5228c') in 0.018390 seconds 
========================================================================
Received Prepare
Registering precompiled user dll's ...
Registered in 0.005082 seconds.
Begin MonoManager ReloadAssembly
Symbol file LoadedFromMemory doesn't match image D:\!pokemoney-localgit\pokemonEy\New Unity Project (1)\Library\PackageCache\com.unity.visualscripting@1.6.1\Editor\VisualScripting.Core\Dependencies\YamlDotNet\Unity.VisualScripting.YamlDotNet.dll
Symbol file LoadedFromMemory doesn't match image D:\!pokemoney-localgit\pokemonEy\New Unity Project (1)\Library\PackageCache\com.unity.visualscripting@1.6.1\Editor\VisualScripting.Core\Dependencies\DotNetZip\Unity.VisualScripting.IonicZip.dll
Native extension for WindowsStandalone target not found
Refreshing native plugins compatible for Editor in 0.84 ms, found 4 plugins.
Preloading 0 native plugins for Editor in 0.00 ms.
Mono: successfully reloaded assembly
- Completed reload, in  1.525 seconds
Domain Reload Profiling:
	ReloadAssembly (1525ms)
		BeginReloadAssembly (171ms)
			ExecutionOrderSort (0ms)
			DisableScriptedObjects (7ms)
			BackupInstance (0ms)
			ReleaseScriptingObjects (0ms)
			CreateAndSetChildDomain (54ms)
		EndReloadAssembly (1273ms)
			LoadAssemblies (136ms)
			RebuildTransferFunctionScriptingTraits (0ms)
			SetupTypeCache (484ms)
			ReleaseScriptCaches (2ms)
			RebuildScriptCaches (61ms)
			SetupLoadedEditorAssemblies (444ms)
				LogAssemblyErrors (0ms)
				InitializePlatformSupportModulesInManaged (8ms)
				SetLoadedEditorAssemblies (1ms)
				RefreshPlugins (1ms)
				BeforeProcessingInitializeOnLoad (92ms)
				ProcessInitializeOnLoadAttributes (317ms)
				ProcessInitializeOnLoadMethodAttributes (16ms)
				AfterProcessingInitializeOnLoad (10ms)
				EditorAssembliesLoaded (0ms)
			ExecutionOrderSort2 (0ms)
			AwakeInstancesAfterBackupRestoration (28ms)
Platform modules already initialized, skipping
Refreshing native plugins compatible for Editor in 1.23 ms, found 4 plugins.
Preloading 0 native plugins for Editor in 0.00 ms.
Unloading 3831 Unused Serialized files (Serialized files now loaded: 0)
System memory in use before: 141.7 MB.
System memory in use after: 142.0 MB.

Unloading 19 unused Assets to reduce memory usage. Loaded Objects now: 4294.
Total: 10.173500 ms (FindLiveObjects: 1.857100 ms CreateObjectMapping: 0.956500 ms MarkObjects: 7.317200 ms  DeleteObjects: 0.039700 ms)

AssetImportParameters requested are different than current active one (requested -> active):
  custom:framework-win-MediaFoundation: 216162199b28c13a410421893ffa2e32 -> 
  custom:video-decoder-ogg-theora: a1e56fd34408186e4bbccfd4996cb3dc -> 
  custom:container-muxer-webm: aa71ff27fc2769a1b78a27578f13a17b -> 
  custom:container-demuxer-webm: 4f35f7cbe854078d1ac9338744f61a02 -> 
  custom:container-demuxer-ogg: 62fdf1f143b41e24485cea50d1cbac27 -> 
  custom:video-encoder-webm-vp8: eb34c28f22e8b96e1ab97ce403110664 -> 
  custom:video-decoder-webm-vp8: 9c59270c3fd7afecdb556c50c9e8de78 -> 
  custom:audio-decoder-ogg-vorbis: bf7c407c2cedff20999df2af8eb42d56 -> 
  custom:audio-encoder-webm-vorbis: bf7c407c2cedff20999df2af8eb42d56 -> 
========================================================================
Received Import Request.
  Time since last request: 205.044310 seconds.
  path: ProjectSettings/TagManager.asset
  artifactKey: Guid(00000000000000003000000000000000) Importer(815301076,1909f56bfc062723c751e8b465ee728b)
Start importing ProjectSettings/TagManager.asset using Guid(00000000000000003000000000000000) Importer(815301076,1909f56bfc062723c751e8b465ee728b)  -> (artifact id: '828dcbc56fa46dcc7dd164369318f5bc') in 0.111598 seconds 
========================================================================
Received Import Request.
  Time since last request: 95.706385 seconds.
  path: Assets/SpritesBzwObjects/Red_Coin.prefab
  artifactKey: Guid(1ea23506036c2ed48ab13349bf598d43) Importer(815301076,1909f56bfc062723c751e8b465ee728b)
Start importing Assets/SpritesBzwObjects/Red_Coin.prefab using Guid(1ea23506036c2ed48ab13349bf598d43) Importer(815301076,1909f56bfc062723c751e8b465ee728b)  -> (artifact id: '19da16ea66743bfd58f1f9268533cfda') in 0.143377 seconds 
========================================================================
Received Import Request.
  Time since last request: 80.156297 seconds.
  path: Assets/SpritesBzwObjects/CollObj_Die.prefab
  artifactKey: Guid(bb7c8c0d5f980934eb8e95dca19a5671) Importer(815301076,1909f56bfc062723c751e8b465ee728b)
Start importing Assets/SpritesBzwObjects/CollObj_Die.prefab using Guid(bb7c8c0d5f980934eb8e95dca19a5671) Importer(815301076,1909f56bfc062723c751e8b465ee728b)  -> (artifact id: 'f67e159a5ee2952657eb28f5994cc868') in 0.036056 seconds 
========================================================================
Received Import Request.
  Time since last request: 35.563610 seconds.
  path: Assets/SpritesBzwObjects/CollObj_Wall.prefab
  artifactKey: Guid(ddfb9ca6d8bd03643930fcca922bab2e) Importer(815301076,1909f56bfc062723c751e8b465ee728b)
Start importing Assets/SpritesBzwObjects/CollObj_Wall.prefab using Guid(ddfb9ca6d8bd03643930fcca922bab2e) Importer(815301076,1909f56bfc062723c751e8b465ee728b)  -> (artifact id: '4ec975927e561535ab3b19daba20e30c') in 0.035291 seconds 
========================================================================
Received Import Request.
  Time since last request: 4.197951 seconds.
  path: Assets/SpritesBzwObjects/fliptrigger.prefab
  artifactKey: Guid(8b0c66e9980beda4c9ef4fe0aab4196b) Importer(815301076,1909f56bfc062723c751e8b465ee728b)
Start importing Assets/SpritesBzwObjects/fliptrigger.prefab using Guid(8b0c66e9980beda4c9ef4fe0aab4196b) Importer(815301076,1909f56bfc062723c751e8b465ee728b)  -> (artifact id: '532e0c30834ab2ed492e0b44cb05dd5c') in 0.028037 seconds 
========================================================================
Received Import Request.
  Time since last request: 3.662249 seconds.
  path: Assets/SpritesBzwObjects/Enemy.prefab
  artifactKey: Guid(507b38ef90aa3f444b6ec58f7fcdeaaf) Importer(815301076,1909f56bfc062723c751e8b465ee728b)
Start importing Assets/SpritesBzwObjects/Enemy.prefab using Guid(507b38ef90aa3f444b6ec58f7fcdeaaf) Importer(815301076,1909f56bfc062723c751e8b465ee728b)  -> (artifact id: 'ab193f78751736bb8a77e4af626f52d2') in 0.015171 seconds 
========================================================================
Received Import Request.
  Time since last request: 115.768690 seconds.
  path: Assets/SpritesBzwObjects/Wall.prefab
  artifactKey: Guid(ddfb9ca6d8bd03643930fcca922bab2e) Importer(815301076,1909f56bfc062723c751e8b465ee728b)
Start importing Assets/SpritesBzwObjects/Wall.prefab using Guid(ddfb9ca6d8bd03643930fcca922bab2e) Importer(815301076,1909f56bfc062723c751e8b465ee728b)  -> (artifact id: 'e517246f16bd51ca38504b952b909a57') in 0.016773 seconds 
========================================================================
Received Import Request.
  Time since last request: 32.214055 seconds.
  path: Assets/SpritesBzwObjects/Wall.prefab
  artifactKey: Guid(ddfb9ca6d8bd03643930fcca922bab2e) Importer(815301076,1909f56bfc062723c751e8b465ee728b)
Start importing Assets/SpritesBzwObjects/Wall.prefab using Guid(ddfb9ca6d8bd03643930fcca922bab2e) Importer(815301076,1909f56bfc062723c751e8b465ee728b)  -> (artifact id: '2ca8d342061846512fcf4f0de2de6764') in 0.066874 seconds 
========================================================================
Received Import Request.
  Time since last request: 87.777501 seconds.
  path: ProjectSettings/TagManager.asset
  artifactKey: Guid(00000000000000003000000000000000) Importer(815301076,1909f56bfc062723c751e8b465ee728b)
Start importing ProjectSettings/TagManager.asset using Guid(00000000000000003000000000000000) Importer(815301076,1909f56bfc062723c751e8b465ee728b)  -> (artifact id: '38a5f01597390799d1e0f9146f64acda') in 0.008980 seconds 
========================================================================
Received Import Request.
  Time since last request: 38.966046 seconds.
  path: Assets/SpritesBzwObjects/Enemy.prefab
  artifactKey: Guid(507b38ef90aa3f444b6ec58f7fcdeaaf) Importer(815301076,1909f56bfc062723c751e8b465ee728b)
Start importing Assets/SpritesBzwObjects/Enemy.prefab using Guid(507b38ef90aa3f444b6ec58f7fcdeaaf) Importer(815301076,1909f56bfc062723c751e8b465ee728b)  -> (artifact id: '9d70db5ce324445953a9b5d8e6ca1302') in 0.032839 seconds 
========================================================================
Received Prepare
Registering precompiled user dll's ...
Registered in 0.004751 seconds.
Begin MonoManager ReloadAssembly
Symbol file LoadedFromMemory doesn't match image D:\!pokemoney-localgit\pokemonEy\New Unity Project (1)\Library\PackageCache\com.unity.visualscripting@1.6.1\Editor\VisualScripting.Core\Dependencies\YamlDotNet\Unity.VisualScripting.YamlDotNet.dll
Symbol file LoadedFromMemory doesn't match image D:\!pokemoney-localgit\pokemonEy\New Unity Project (1)\Library\PackageCache\com.unity.visualscripting@1.6.1\Editor\VisualScripting.Core\Dependencies\DotNetZip\Unity.VisualScripting.IonicZip.dll
Native extension for WindowsStandalone target not found
Refreshing native plugins compatible for Editor in 0.83 ms, found 4 plugins.
Preloading 0 native plugins for Editor in 0.00 ms.
Mono: successfully reloaded assembly
- Completed reload, in  1.566 seconds
Domain Reload Profiling:
	ReloadAssembly (1567ms)
		BeginReloadAssembly (209ms)
			ExecutionOrderSort (0ms)
			DisableScriptedObjects (8ms)
			BackupInstance (0ms)
			ReleaseScriptingObjects (0ms)
			CreateAndSetChildDomain (73ms)
		EndReloadAssembly (1274ms)
			LoadAssemblies (151ms)
			RebuildTransferFunctionScriptingTraits (0ms)
			SetupTypeCache (482ms)
			ReleaseScriptCaches (2ms)
			RebuildScriptCaches (69ms)
			SetupLoadedEditorAssemblies (450ms)
				LogAssemblyErrors (0ms)
				InitializePlatformSupportModulesInManaged (6ms)
				SetLoadedEditorAssemblies (0ms)
				RefreshPlugins (1ms)
				BeforeProcessingInitializeOnLoad (100ms)
				ProcessInitializeOnLoadAttributes (319ms)
				ProcessInitializeOnLoadMethodAttributes (14ms)
				AfterProcessingInitializeOnLoad (10ms)
				EditorAssembliesLoaded (0ms)
			ExecutionOrderSort2 (0ms)
			AwakeInstancesAfterBackupRestoration (12ms)
Platform modules already initialized, skipping
Refreshing native plugins compatible for Editor in 2.38 ms, found 4 plugins.
Preloading 0 native plugins for Editor in 0.00 ms.
Unloading 3832 Unused Serialized files (Serialized files now loaded: 0)
System memory in use before: 146.0 MB.
System memory in use after: 146.2 MB.

Unloading 21 unused Assets to reduce memory usage. Loaded Objects now: 4304.
Total: 10.717400 ms (FindLiveObjects: 0.862000 ms CreateObjectMapping: 0.920800 ms MarkObjects: 8.846000 ms  DeleteObjects: 0.085900 ms)

AssetImportParameters requested are different than current active one (requested -> active):
  custom:framework-win-MediaFoundation: 216162199b28c13a410421893ffa2e32 -> 
  custom:video-decoder-ogg-theora: a1e56fd34408186e4bbccfd4996cb3dc -> 
  custom:container-muxer-webm: aa71ff27fc2769a1b78a27578f13a17b -> 
  custom:container-demuxer-webm: 4f35f7cbe854078d1ac9338744f61a02 -> 
  custom:container-demuxer-ogg: 62fdf1f143b41e24485cea50d1cbac27 -> 
  custom:video-encoder-webm-vp8: eb34c28f22e8b96e1ab97ce403110664 -> 
  custom:video-decoder-webm-vp8: 9c59270c3fd7afecdb556c50c9e8de78 -> 
  custom:audio-decoder-ogg-vorbis: bf7c407c2cedff20999df2af8eb42d56 -> 
  custom:audio-encoder-webm-vorbis: bf7c407c2cedff20999df2af8eb42d56 -> 
========================================================================
Received Import Request.
  Time since last request: 85.909533 seconds.
  path: Assets/SpritesBzwObjects/Player.prefab
  artifactKey: Guid(bd4009debb6803d4d930d7d6fed49757) Importer(815301076,1909f56bfc062723c751e8b465ee728b)
Start importing Assets/SpritesBzwObjects/Player.prefab using Guid(bd4009debb6803d4d930d7d6fed49757) Importer(815301076,1909f56bfc062723c751e8b465ee728b)  -> (artifact id: 'dbc9604d91eb02de252a92b6a833f66a') in 0.149260 seconds 
========================================================================
Received Import Request.
  Time since last request: 18.711895 seconds.
  path: Assets/SpritesBzwObjects/Wall.prefab
  artifactKey: Guid(ddfb9ca6d8bd03643930fcca922bab2e) Importer(815301076,1909f56bfc062723c751e8b465ee728b)
Start importing Assets/SpritesBzwObjects/Wall.prefab using Guid(ddfb9ca6d8bd03643930fcca922bab2e) Importer(815301076,1909f56bfc062723c751e8b465ee728b)  -> (artifact id: '7c4823a1126f443f43dd20fdd0b75731') in 0.011405 seconds 
========================================================================
Received Import Request.
  Time since last request: 7.089671 seconds.
  path: Assets/SpritesBzwObjects/Wall.prefab
  artifactKey: Guid(ddfb9ca6d8bd03643930fcca922bab2e) Importer(815301076,1909f56bfc062723c751e8b465ee728b)
Start importing Assets/SpritesBzwObjects/Wall.prefab using Guid(ddfb9ca6d8bd03643930fcca922bab2e) Importer(815301076,1909f56bfc062723c751e8b465ee728b)  -> (artifact id: 'fd98f96bf89a1b646d2a1b6524cd3209') in 0.028082 seconds 
========================================================================
Received Import Request.
  Time since last request: 0.437842 seconds.
  path: Assets/SpritesBzwObjects/Wall.prefab
  artifactKey: Guid(ddfb9ca6d8bd03643930fcca922bab2e) Importer(815301076,1909f56bfc062723c751e8b465ee728b)
Start importing Assets/SpritesBzwObjects/Wall.prefab using Guid(ddfb9ca6d8bd03643930fcca922bab2e) Importer(815301076,1909f56bfc062723c751e8b465ee728b)  -> (artifact id: 'fb451071342a8432ba155b4512b896ae') in 0.013705 seconds 
========================================================================
Received Import Request.
  Time since last request: 0.314889 seconds.
  path: Assets/SpritesBzwObjects/Wall.prefab
  artifactKey: Guid(ddfb9ca6d8bd03643930fcca922bab2e) Importer(815301076,1909f56bfc062723c751e8b465ee728b)
Start importing Assets/SpritesBzwObjects/Wall.prefab using Guid(ddfb9ca6d8bd03643930fcca922bab2e) Importer(815301076,1909f56bfc062723c751e8b465ee728b)  -> (artifact id: '3b74b65622bf8592ae0db3428685c6b8') in 0.012941 seconds 
========================================================================
Received Import Request.
  Time since last request: 7.608804 seconds.
  path: Assets/SpritesBzwObjects/Wall.prefab
  artifactKey: Guid(ddfb9ca6d8bd03643930fcca922bab2e) Importer(815301076,1909f56bfc062723c751e8b465ee728b)
Start importing Assets/SpritesBzwObjects/Wall.prefab using Guid(ddfb9ca6d8bd03643930fcca922bab2e) Importer(815301076,1909f56bfc062723c751e8b465ee728b)  -> (artifact id: '1a287720a6375a6bd51da748b00e1b74') in 0.013636 seconds 
========================================================================
Received Import Request.
  Time since last request: 21.829081 seconds.
  path: Assets/SpritesBzwObjects/CollObj_Die.prefab
  artifactKey: Guid(bb7c8c0d5f980934eb8e95dca19a5671) Importer(815301076,1909f56bfc062723c751e8b465ee728b)
Start importing Assets/SpritesBzwObjects/CollObj_Die.prefab using Guid(bb7c8c0d5f980934eb8e95dca19a5671) Importer(815301076,1909f56bfc062723c751e8b465ee728b)  -> (artifact id: 'cfc4cf43179375d43f4e182e1dd6dcb2') in 0.100599 seconds 
========================================================================
Received Import Request.
  Time since last request: 5.305940 seconds.
  path: Assets/SpritesBzwObjects/CollObj_Die.prefab
  artifactKey: Guid(bb7c8c0d5f980934eb8e95dca19a5671) Importer(815301076,1909f56bfc062723c751e8b465ee728b)
Start importing Assets/SpritesBzwObjects/CollObj_Die.prefab using Guid(bb7c8c0d5f980934eb8e95dca19a5671) Importer(815301076,1909f56bfc062723c751e8b465ee728b)  -> (artifact id: 'eece1d097ff1881000a89d3f9703c3c9') in 0.010783 seconds 
========================================================================
Received Import Request.
  Time since last request: 1.959810 seconds.
  path: Assets/SpritesBzwObjects/CollObj_Die.prefab
  artifactKey: Guid(bb7c8c0d5f980934eb8e95dca19a5671) Importer(815301076,1909f56bfc062723c751e8b465ee728b)
Start importing Assets/SpritesBzwObjects/CollObj_Die.prefab using Guid(bb7c8c0d5f980934eb8e95dca19a5671) Importer(815301076,1909f56bfc062723c751e8b465ee728b)  -> (artifact id: '36d3ea16ddf5a59cd55c7ffa461bda33') in 0.013612 seconds 
========================================================================
Received Import Request.
  Time since last request: 5.376948 seconds.
  path: Assets/SpritesBzwObjects/CollObj_Die.prefab
  artifactKey: Guid(bb7c8c0d5f980934eb8e95dca19a5671) Importer(815301076,1909f56bfc062723c751e8b465ee728b)
Start importing Assets/SpritesBzwObjects/CollObj_Die.prefab using Guid(bb7c8c0d5f980934eb8e95dca19a5671) Importer(815301076,1909f56bfc062723c751e8b465ee728b)  -> (artifact id: '987baa406730b95f79b281427fe85de6') in 0.012577 seconds 
========================================================================
Received Import Request.
  Time since last request: 1.981658 seconds.
  path: Assets/SpritesBzwObjects/CollObj_Die.prefab
  artifactKey: Guid(bb7c8c0d5f980934eb8e95dca19a5671) Importer(815301076,1909f56bfc062723c751e8b465ee728b)
Start importing Assets/SpritesBzwObjects/CollObj_Die.prefab using Guid(bb7c8c0d5f980934eb8e95dca19a5671) Importer(815301076,1909f56bfc062723c751e8b465ee728b)  -> (artifact id: '28174bc46b29c49cdbe1f56de8a07e41') in 0.014090 seconds 
========================================================================
Received Import Request.
  Time since last request: 0.187465 seconds.
  path: Assets/SpritesBzwObjects/CollObj_Die.prefab
  artifactKey: Guid(bb7c8c0d5f980934eb8e95dca19a5671) Importer(815301076,1909f56bfc062723c751e8b465ee728b)
Start importing Assets/SpritesBzwObjects/CollObj_Die.prefab using Guid(bb7c8c0d5f980934eb8e95dca19a5671) Importer(815301076,1909f56bfc062723c751e8b465ee728b)  -> (artifact id: 'fb2f711fff62cd39ed11c58c5fa41cc8') in 0.012611 seconds 
========================================================================
Received Import Request.
  Time since last request: 0.189018 seconds.
  path: Assets/SpritesBzwObjects/CollObj_Die.prefab
  artifactKey: Guid(bb7c8c0d5f980934eb8e95dca19a5671) Importer(815301076,1909f56bfc062723c751e8b465ee728b)
Start importing Assets/SpritesBzwObjects/CollObj_Die.prefab using Guid(bb7c8c0d5f980934eb8e95dca19a5671) Importer(815301076,1909f56bfc062723c751e8b465ee728b)  -> (artifact id: '6ff02f3e6e5d55bb5cbe1b5c82a984f4') in 0.012059 seconds 
========================================================================
Received Prepare
Registering precompiled user dll's ...
Registered in 0.004819 seconds.
Begin MonoManager ReloadAssembly
Symbol file LoadedFromMemory doesn't match image D:\!pokemoney-localgit\pokemonEy\New Unity Project (1)\Library\PackageCache\com.unity.visualscripting@1.6.1\Editor\VisualScripting.Core\Dependencies\YamlDotNet\Unity.VisualScripting.YamlDotNet.dll
Symbol file LoadedFromMemory doesn't match image D:\!pokemoney-localgit\pokemonEy\New Unity Project (1)\Library\PackageCache\com.unity.visualscripting@1.6.1\Editor\VisualScripting.Core\Dependencies\DotNetZip\Unity.VisualScripting.IonicZip.dll
Native extension for WindowsStandalone target not found
Refreshing native plugins compatible for Editor in 0.75 ms, found 4 plugins.
Preloading 0 native plugins for Editor in 0.00 ms.
Mono: successfully reloaded assembly
- Completed reload, in  1.213 seconds
Domain Reload Profiling:
	ReloadAssembly (1213ms)
		BeginReloadAssembly (158ms)
			ExecutionOrderSort (0ms)
			DisableScriptedObjects (7ms)
			BackupInstance (0ms)
			ReleaseScriptingObjects (0ms)
			CreateAndSetChildDomain (56ms)
		EndReloadAssembly (987ms)
			LoadAssemblies (111ms)
			RebuildTransferFunctionScriptingTraits (0ms)
			SetupTypeCache (381ms)
			ReleaseScriptCaches (1ms)
			RebuildScriptCaches (56ms)
			SetupLoadedEditorAssemblies (341ms)
				LogAssemblyErrors (0ms)
				InitializePlatformSupportModulesInManaged (7ms)
				SetLoadedEditorAssemblies (0ms)
				RefreshPlugins (1ms)
				BeforeProcessingInitializeOnLoad (70ms)
				ProcessInitializeOnLoadAttributes (245ms)
				ProcessInitializeOnLoadMethodAttributes (10ms)
				AfterProcessingInitializeOnLoad (7ms)
				EditorAssembliesLoaded (0ms)
			ExecutionOrderSort2 (0ms)
			AwakeInstancesAfterBackupRestoration (10ms)
Platform modules already initialized, skipping
Refreshing native plugins compatible for Editor in 0.88 ms, found 4 plugins.
Preloading 0 native plugins for Editor in 0.00 ms.
Unloading 3832 Unused Serialized files (Serialized files now loaded: 0)
System memory in use before: 146.1 MB.
System memory in use after: 146.3 MB.

Unloading 19 unused Assets to reduce memory usage. Loaded Objects now: 4307.
Total: 4.354200 ms (FindLiveObjects: 0.323700 ms CreateObjectMapping: 0.211700 ms MarkObjects: 3.796000 ms  DeleteObjects: 0.020100 ms)

AssetImportParameters requested are different than current active one (requested -> active):
  custom:framework-win-MediaFoundation: 216162199b28c13a410421893ffa2e32 -> 
  custom:video-decoder-ogg-theora: a1e56fd34408186e4bbccfd4996cb3dc -> 
  custom:container-muxer-webm: aa71ff27fc2769a1b78a27578f13a17b -> 
  custom:container-demuxer-webm: 4f35f7cbe854078d1ac9338744f61a02 -> 
  custom:container-demuxer-ogg: 62fdf1f143b41e24485cea50d1cbac27 -> 
  custom:video-encoder-webm-vp8: eb34c28f22e8b96e1ab97ce403110664 -> 
  custom:video-decoder-webm-vp8: 9c59270c3fd7afecdb556c50c9e8de78 -> 
  custom:audio-decoder-ogg-vorbis: bf7c407c2cedff20999df2af8eb42d56 -> 
  custom:audio-encoder-webm-vorbis: bf7c407c2cedff20999df2af8eb42d56 -> 
========================================================================
Received Prepare
Registering precompiled user dll's ...
Registered in 0.004498 seconds.
Begin MonoManager ReloadAssembly
Symbol file LoadedFromMemory doesn't match image D:\!pokemoney-localgit\pokemonEy\New Unity Project (1)\Library\PackageCache\com.unity.visualscripting@1.6.1\Editor\VisualScripting.Core\Dependencies\YamlDotNet\Unity.VisualScripting.YamlDotNet.dll
Symbol file LoadedFromMemory doesn't match image D:\!pokemoney-localgit\pokemonEy\New Unity Project (1)\Library\PackageCache\com.unity.visualscripting@1.6.1\Editor\VisualScripting.Core\Dependencies\DotNetZip\Unity.VisualScripting.IonicZip.dll
Native extension for WindowsStandalone target not found
Refreshing native plugins compatible for Editor in 0.93 ms, found 4 plugins.
Preloading 0 native plugins for Editor in 0.00 ms.
Mono: successfully reloaded assembly
- Completed reload, in  1.290 seconds
Domain Reload Profiling:
	ReloadAssembly (1290ms)
		BeginReloadAssembly (160ms)
			ExecutionOrderSort (0ms)
			DisableScriptedObjects (20ms)
			BackupInstance (0ms)
			ReleaseScriptingObjects (0ms)
			CreateAndSetChildDomain (50ms)
		EndReloadAssembly (1065ms)
			LoadAssemblies (113ms)
			RebuildTransferFunctionScriptingTraits (0ms)
			SetupTypeCache (425ms)
			ReleaseScriptCaches (1ms)
			RebuildScriptCaches (54ms)
			SetupLoadedEditorAssemblies (376ms)
				LogAssemblyErrors (0ms)
				InitializePlatformSupportModulesInManaged (5ms)
				SetLoadedEditorAssemblies (0ms)
				RefreshPlugins (1ms)
				BeforeProcessingInitializeOnLoad (86ms)
				ProcessInitializeOnLoadAttributes (264ms)
				ProcessInitializeOnLoadMethodAttributes (12ms)
				AfterProcessingInitializeOnLoad (8ms)
				EditorAssembliesLoaded (0ms)
			ExecutionOrderSort2 (0ms)
			AwakeInstancesAfterBackupRestoration (10ms)
Platform modules already initialized, skipping
Refreshing native plugins compatible for Editor in 1.23 ms, found 4 plugins.
Preloading 0 native plugins for Editor in 0.00 ms.
Unloading 3832 Unused Serialized files (Serialized files now loaded: 0)
System memory in use before: 146.1 MB.
System memory in use after: 146.3 MB.

Unloading 19 unused Assets to reduce memory usage. Loaded Objects now: 4309.
Total: 5.404800 ms (FindLiveObjects: 0.394800 ms CreateObjectMapping: 0.267600 ms MarkObjects: 4.714000 ms  DeleteObjects: 0.026700 ms)

AssetImportParameters requested are different than current active one (requested -> active):
  custom:framework-win-MediaFoundation: 216162199b28c13a410421893ffa2e32 -> 
  custom:video-decoder-ogg-theora: a1e56fd34408186e4bbccfd4996cb3dc -> 
  custom:container-muxer-webm: aa71ff27fc2769a1b78a27578f13a17b -> 
  custom:container-demuxer-webm: 4f35f7cbe854078d1ac9338744f61a02 -> 
  custom:container-demuxer-ogg: 62fdf1f143b41e24485cea50d1cbac27 -> 
  custom:video-encoder-webm-vp8: eb34c28f22e8b96e1ab97ce403110664 -> 
  custom:video-decoder-webm-vp8: 9c59270c3fd7afecdb556c50c9e8de78 -> 
  custom:audio-decoder-ogg-vorbis: bf7c407c2cedff20999df2af8eb42d56 -> 
  custom:audio-encoder-webm-vorbis: bf7c407c2cedff20999df2af8eb42d56 -> 
========================================================================
Received Prepare
Registering precompiled user dll's ...
Registered in 0.004757 seconds.
Begin MonoManager ReloadAssembly
Symbol file LoadedFromMemory doesn't match image D:\!pokemoney-localgit\pokemonEy\New Unity Project (1)\Library\PackageCache\com.unity.visualscripting@1.6.1\Editor\VisualScripting.Core\Dependencies\YamlDotNet\Unity.VisualScripting.YamlDotNet.dll
Symbol file LoadedFromMemory doesn't match image D:\!pokemoney-localgit\pokemonEy\New Unity Project (1)\Library\PackageCache\com.unity.visualscripting@1.6.1\Editor\VisualScripting.Core\Dependencies\DotNetZip\Unity.VisualScripting.IonicZip.dll
Native extension for WindowsStandalone target not found
Refreshing native plugins compatible for Editor in 0.78 ms, found 4 plugins.
Preloading 0 native plugins for Editor in 0.00 ms.
Mono: successfully reloaded assembly
- Completed reload, in  1.268 seconds
Domain Reload Profiling:
	ReloadAssembly (1269ms)
		BeginReloadAssembly (147ms)
			ExecutionOrderSort (0ms)
			DisableScriptedObjects (7ms)
			BackupInstance (0ms)
			ReleaseScriptingObjects (0ms)
			CreateAndSetChildDomain (50ms)
		EndReloadAssembly (1057ms)
			LoadAssemblies (116ms)
			RebuildTransferFunctionScriptingTraits (0ms)
			SetupTypeCache (413ms)
			ReleaseScriptCaches (2ms)
			RebuildScriptCaches (55ms)
			SetupLoadedEditorAssemblies (360ms)
				LogAssemblyErrors (0ms)
				InitializePlatformSupportModulesInManaged (6ms)
				SetLoadedEditorAssemblies (0ms)
				RefreshPlugins (1ms)
				BeforeProcessingInitializeOnLoad (75ms)
				ProcessInitializeOnLoadAttributes (261ms)
				ProcessInitializeOnLoadMethodAttributes (11ms)
				AfterProcessingInitializeOnLoad (7ms)
				EditorAssembliesLoaded (0ms)
			ExecutionOrderSort2 (0ms)
			AwakeInstancesAfterBackupRestoration (10ms)
Platform modules already initialized, skipping
Refreshing native plugins compatible for Editor in 1.29 ms, found 4 plugins.
Preloading 0 native plugins for Editor in 0.00 ms.
Unloading 3832 Unused Serialized files (Serialized files now loaded: 0)
System memory in use before: 146.1 MB.
System memory in use after: 146.3 MB.

Unloading 19 unused Assets to reduce memory usage. Loaded Objects now: 4311.
Total: 4.213800 ms (FindLiveObjects: 0.344900 ms CreateObjectMapping: 0.162700 ms MarkObjects: 3.684400 ms  DeleteObjects: 0.021000 ms)

AssetImportParameters requested are different than current active one (requested -> active):
  custom:framework-win-MediaFoundation: 216162199b28c13a410421893ffa2e32 -> 
  custom:video-decoder-ogg-theora: a1e56fd34408186e4bbccfd4996cb3dc -> 
  custom:container-muxer-webm: aa71ff27fc2769a1b78a27578f13a17b -> 
  custom:container-demuxer-webm: 4f35f7cbe854078d1ac9338744f61a02 -> 
  custom:container-demuxer-ogg: 62fdf1f143b41e24485cea50d1cbac27 -> 
  custom:video-encoder-webm-vp8: eb34c28f22e8b96e1ab97ce403110664 -> 
  custom:video-decoder-webm-vp8: 9c59270c3fd7afecdb556c50c9e8de78 -> 
  custom:audio-decoder-ogg-vorbis: bf7c407c2cedff20999df2af8eb42d56 -> 
  custom:audio-encoder-webm-vorbis: bf7c407c2cedff20999df2af8eb42d56 -> 
========================================================================
Received Prepare
Registering precompiled user dll's ...
Registered in 0.011194 seconds.
Begin MonoManager ReloadAssembly
Symbol file LoadedFromMemory doesn't match image D:\!pokemoney-localgit\pokemonEy\New Unity Project (1)\Library\PackageCache\com.unity.visualscripting@1.6.1\Editor\VisualScripting.Core\Dependencies\YamlDotNet\Unity.VisualScripting.YamlDotNet.dll
Symbol file LoadedFromMemory doesn't match image D:\!pokemoney-localgit\pokemonEy\New Unity Project (1)\Library\PackageCache\com.unity.visualscripting@1.6.1\Editor\VisualScripting.Core\Dependencies\DotNetZip\Unity.VisualScripting.IonicZip.dll
Native extension for WindowsStandalone target not found
Refreshing native plugins compatible for Editor in 1.43 ms, found 4 plugins.
Preloading 0 native plugins for Editor in 0.00 ms.
Mono: successfully reloaded assembly
- Completed reload, in  2.926 seconds
Domain Reload Profiling:
	ReloadAssembly (2926ms)
		BeginReloadAssembly (312ms)
			ExecutionOrderSort (0ms)
			DisableScriptedObjects (16ms)
			BackupInstance (0ms)
			ReleaseScriptingObjects (0ms)
			CreateAndSetChildDomain (102ms)
		EndReloadAssembly (2457ms)
			LoadAssemblies (259ms)
			RebuildTransferFunctionScriptingTraits (0ms)
			SetupTypeCache (951ms)
			ReleaseScriptCaches (2ms)
			RebuildScriptCaches (134ms)
			SetupLoadedEditorAssemblies (842ms)
				LogAssemblyErrors (0ms)
				InitializePlatformSupportModulesInManaged (13ms)
				SetLoadedEditorAssemblies (1ms)
				RefreshPlugins (2ms)
				BeforeProcessingInitializeOnLoad (171ms)
				ProcessInitializeOnLoadAttributes (610ms)
				ProcessInitializeOnLoadMethodAttributes (27ms)
				AfterProcessingInitializeOnLoad (17ms)
				EditorAssembliesLoaded (0ms)
			ExecutionOrderSort2 (0ms)
			AwakeInstancesAfterBackupRestoration (26ms)
Platform modules already initialized, skipping
Refreshing native plugins compatible for Editor in 2.18 ms, found 4 plugins.
Preloading 0 native plugins for Editor in 0.00 ms.
Unloading 3832 Unused Serialized files (Serialized files now loaded: 0)
System memory in use before: 146.1 MB.
System memory in use after: 146.3 MB.

Unloading 19 unused Assets to reduce memory usage. Loaded Objects now: 4313.
Total: 8.198400 ms (FindLiveObjects: 0.694100 ms CreateObjectMapping: 0.579000 ms MarkObjects: 6.879800 ms  DeleteObjects: 0.043500 ms)

AssetImportParameters requested are different than current active one (requested -> active):
  custom:framework-win-MediaFoundation: 216162199b28c13a410421893ffa2e32 -> 
  custom:video-decoder-ogg-theora: a1e56fd34408186e4bbccfd4996cb3dc -> 
  custom:container-muxer-webm: aa71ff27fc2769a1b78a27578f13a17b -> 
  custom:container-demuxer-webm: 4f35f7cbe854078d1ac9338744f61a02 -> 
  custom:container-demuxer-ogg: 62fdf1f143b41e24485cea50d1cbac27 -> 
  custom:video-encoder-webm-vp8: eb34c28f22e8b96e1ab97ce403110664 -> 
  custom:video-decoder-webm-vp8: 9c59270c3fd7afecdb556c50c9e8de78 -> 
  custom:audio-decoder-ogg-vorbis: bf7c407c2cedff20999df2af8eb42d56 -> 
  custom:audio-encoder-webm-vorbis: bf7c407c2cedff20999df2af8eb42d56 -> 
========================================================================
Received Import Request.
  Time since last request: 382.711106 seconds.
  path: Assets/SpritesBzwObjects/CollObj_Die.prefab
  artifactKey: Guid(bb7c8c0d5f980934eb8e95dca19a5671) Importer(815301076,1909f56bfc062723c751e8b465ee728b)
Start importing Assets/SpritesBzwObjects/CollObj_Die.prefab using Guid(bb7c8c0d5f980934eb8e95dca19a5671) Importer(815301076,1909f56bfc062723c751e8b465ee728b)  -> (artifact id: 'c374a87d5b8bd7f48c68a3128cf6567b') in 0.161354 seconds 
========================================================================
Received Import Request.
  Time since last request: 3.471878 seconds.
  path: Assets/SpritesBzwObjects/CollObj_Die.prefab
  artifactKey: Guid(bb7c8c0d5f980934eb8e95dca19a5671) Importer(815301076,1909f56bfc062723c751e8b465ee728b)
Start importing Assets/SpritesBzwObjects/CollObj_Die.prefab using Guid(bb7c8c0d5f980934eb8e95dca19a5671) Importer(815301076,1909f56bfc062723c751e8b465ee728b)  -> (artifact id: 'e078a956108ce54377c4ea96ec03ec28') in 0.012753 seconds 
========================================================================
Received Prepare
Registering precompiled user dll's ...
Registered in 0.007296 seconds.
Begin MonoManager ReloadAssembly
Symbol file LoadedFromMemory doesn't match image D:\!pokemoney-localgit\pokemonEy\New Unity Project (1)\Library\PackageCache\com.unity.visualscripting@1.6.1\Editor\VisualScripting.Core\Dependencies\YamlDotNet\Unity.VisualScripting.YamlDotNet.dll
Symbol file LoadedFromMemory doesn't match image D:\!pokemoney-localgit\pokemonEy\New Unity Project (1)\Library\PackageCache\com.unity.visualscripting@1.6.1\Editor\VisualScripting.Core\Dependencies\DotNetZip\Unity.VisualScripting.IonicZip.dll
Native extension for WindowsStandalone target not found
Refreshing native plugins compatible for Editor in 1.35 ms, found 4 plugins.
Preloading 0 native plugins for Editor in 0.00 ms.
Mono: successfully reloaded assembly
- Completed reload, in  1.514 seconds
Domain Reload Profiling:
	ReloadAssembly (1515ms)
		BeginReloadAssembly (180ms)
			ExecutionOrderSort (0ms)
			DisableScriptedObjects (8ms)
			BackupInstance (0ms)
			ReleaseScriptingObjects (0ms)
			CreateAndSetChildDomain (58ms)
		EndReloadAssembly (1251ms)
			LoadAssemblies (134ms)
			RebuildTransferFunctionScriptingTraits (0ms)
			SetupTypeCache (475ms)
			ReleaseScriptCaches (2ms)
			RebuildScriptCaches (68ms)
			SetupLoadedEditorAssemblies (447ms)
				LogAssemblyErrors (0ms)
				InitializePlatformSupportModulesInManaged (15ms)
				SetLoadedEditorAssemblies (1ms)
				RefreshPlugins (1ms)
				BeforeProcessingInitializeOnLoad (90ms)
				ProcessInitializeOnLoadAttributes (317ms)
				ProcessInitializeOnLoadMethodAttributes (14ms)
				AfterProcessingInitializeOnLoad (9ms)
				EditorAssembliesLoaded (0ms)
			ExecutionOrderSort2 (0ms)
			AwakeInstancesAfterBackupRestoration (12ms)
Platform modules already initialized, skipping
Refreshing native plugins compatible for Editor in 0.87 ms, found 4 plugins.
Preloading 0 native plugins for Editor in 0.00 ms.
Unloading 3832 Unused Serialized files (Serialized files now loaded: 0)
System memory in use before: 146.1 MB.
System memory in use after: 146.4 MB.

Unloading 19 unused Assets to reduce memory usage. Loaded Objects now: 4316.
Total: 6.326600 ms (FindLiveObjects: 0.620300 ms CreateObjectMapping: 0.415000 ms MarkObjects: 5.265600 ms  DeleteObjects: 0.024000 ms)

AssetImportParameters requested are different than current active one (requested -> active):
  custom:framework-win-MediaFoundation: 216162199b28c13a410421893ffa2e32 -> 
  custom:video-decoder-ogg-theora: a1e56fd34408186e4bbccfd4996cb3dc -> 
  custom:container-muxer-webm: aa71ff27fc2769a1b78a27578f13a17b -> 
  custom:container-demuxer-webm: 4f35f7cbe854078d1ac9338744f61a02 -> 
  custom:container-demuxer-ogg: 62fdf1f143b41e24485cea50d1cbac27 -> 
  custom:video-encoder-webm-vp8: eb34c28f22e8b96e1ab97ce403110664 -> 
  custom:video-decoder-webm-vp8: 9c59270c3fd7afecdb556c50c9e8de78 -> 
  custom:audio-decoder-ogg-vorbis: bf7c407c2cedff20999df2af8eb42d56 -> 
  custom:audio-encoder-webm-vorbis: bf7c407c2cedff20999df2af8eb42d56 -> 
========================================================================
Received Import Request.
  Time since last request: 79.481758 seconds.
  path: Assets/SpritesBzwObjects/Red_Coin.prefab
  artifactKey: Guid(1ea23506036c2ed48ab13349bf598d43) Importer(815301076,1909f56bfc062723c751e8b465ee728b)
Start importing Assets/SpritesBzwObjects/Red_Coin.prefab using Guid(1ea23506036c2ed48ab13349bf598d43) Importer(815301076,1909f56bfc062723c751e8b465ee728b)  -> (artifact id: 'd6f5307af250d4c1c7be2090b91550e0') in 0.081436 seconds 
========================================================================
Received Import Request.
  Time since last request: 0.221785 seconds.
  path: Assets/SpritesBzwObjects/Red_Coin.prefab
  artifactKey: Guid(1ea23506036c2ed48ab13349bf598d43) Importer(815301076,1909f56bfc062723c751e8b465ee728b)
Start importing Assets/SpritesBzwObjects/Red_Coin.prefab using Guid(1ea23506036c2ed48ab13349bf598d43) Importer(815301076,1909f56bfc062723c751e8b465ee728b)  -> (artifact id: '55e054a8a3e948b68c64df35a7045703') in 0.013178 seconds 
========================================================================
Received Prepare
Registering precompiled user dll's ...
Registered in 0.004434 seconds.
Begin MonoManager ReloadAssembly
Symbol file LoadedFromMemory doesn't match image D:\!pokemoney-localgit\pokemonEy\New Unity Project (1)\Library\PackageCache\com.unity.visualscripting@1.6.1\Editor\VisualScripting.Core\Dependencies\YamlDotNet\Unity.VisualScripting.YamlDotNet.dll
Symbol file LoadedFromMemory doesn't match image D:\!pokemoney-localgit\pokemonEy\New Unity Project (1)\Library\PackageCache\com.unity.visualscripting@1.6.1\Editor\VisualScripting.Core\Dependencies\DotNetZip\Unity.VisualScripting.IonicZip.dll
Native extension for WindowsStandalone target not found
Refreshing native plugins compatible for Editor in 0.86 ms, found 4 plugins.
Preloading 0 native plugins for Editor in 0.00 ms.
Mono: successfully reloaded assembly
- Completed reload, in  1.245 seconds
Domain Reload Profiling:
	ReloadAssembly (1245ms)
		BeginReloadAssembly (150ms)
			ExecutionOrderSort (0ms)
			DisableScriptedObjects (6ms)
			BackupInstance (0ms)
			ReleaseScriptingObjects (0ms)
			CreateAndSetChildDomain (46ms)
		EndReloadAssembly (1029ms)
			LoadAssemblies (118ms)
			RebuildTransferFunctionScriptingTraits (0ms)
			SetupTypeCache (395ms)
			ReleaseScriptCaches (2ms)
			RebuildScriptCaches (57ms)
			SetupLoadedEditorAssemblies (362ms)
				LogAssemblyErrors (0ms)
				InitializePlatformSupportModulesInManaged (5ms)
				SetLoadedEditorAssemblies (0ms)
				RefreshPlugins (1ms)
				BeforeProcessingInitializeOnLoad (76ms)
				ProcessInitializeOnLoadAttributes (261ms)
				ProcessInitializeOnLoadMethodAttributes (11ms)
				AfterProcessingInitializeOnLoad (8ms)
				EditorAssembliesLoaded (0ms)
			ExecutionOrderSort2 (0ms)
			AwakeInstancesAfterBackupRestoration (10ms)
Platform modules already initialized, skipping
Refreshing native plugins compatible for Editor in 1.14 ms, found 4 plugins.
Preloading 0 native plugins for Editor in 0.00 ms.
Unloading 3832 Unused Serialized files (Serialized files now loaded: 0)
System memory in use before: 146.1 MB.
System memory in use after: 146.4 MB.

Unloading 19 unused Assets to reduce memory usage. Loaded Objects now: 4319.
Total: 4.638600 ms (FindLiveObjects: 0.317400 ms CreateObjectMapping: 0.183100 ms MarkObjects: 4.115900 ms  DeleteObjects: 0.021200 ms)

AssetImportParameters requested are different than current active one (requested -> active):
  custom:framework-win-MediaFoundation: 216162199b28c13a410421893ffa2e32 -> 
  custom:video-decoder-ogg-theora: a1e56fd34408186e4bbccfd4996cb3dc -> 
  custom:container-muxer-webm: aa71ff27fc2769a1b78a27578f13a17b -> 
  custom:container-demuxer-webm: 4f35f7cbe854078d1ac9338744f61a02 -> 
  custom:container-demuxer-ogg: 62fdf1f143b41e24485cea50d1cbac27 -> 
  custom:video-encoder-webm-vp8: eb34c28f22e8b96e1ab97ce403110664 -> 
  custom:video-decoder-webm-vp8: 9c59270c3fd7afecdb556c50c9e8de78 -> 
  custom:audio-decoder-ogg-vorbis: bf7c407c2cedff20999df2af8eb42d56 -> 
  custom:audio-encoder-webm-vorbis: bf7c407c2cedff20999df2af8eb42d56 -> 
========================================================================
Received Prepare
Registering precompiled user dll's ...
Registered in 0.005957 seconds.
Begin MonoManager ReloadAssembly
Symbol file LoadedFromMemory doesn't match image D:\!pokemoney-localgit\pokemonEy\New Unity Project (1)\Library\PackageCache\com.unity.visualscripting@1.6.1\Editor\VisualScripting.Core\Dependencies\YamlDotNet\Unity.VisualScripting.YamlDotNet.dll
Symbol file LoadedFromMemory doesn't match image D:\!pokemoney-localgit\pokemonEy\New Unity Project (1)\Library\PackageCache\com.unity.visualscripting@1.6.1\Editor\VisualScripting.Core\Dependencies\DotNetZip\Unity.VisualScripting.IonicZip.dll
Native extension for WindowsStandalone target not found
Refreshing native plugins compatible for Editor in 1.08 ms, found 4 plugins.
Preloading 0 native plugins for Editor in 0.00 ms.
Mono: successfully reloaded assembly
- Completed reload, in  1.423 seconds
Domain Reload Profiling:
	ReloadAssembly (1423ms)
		BeginReloadAssembly (173ms)
			ExecutionOrderSort (0ms)
			DisableScriptedObjects (7ms)
			BackupInstance (0ms)
			ReleaseScriptingObjects (0ms)
			CreateAndSetChildDomain (50ms)
		EndReloadAssembly (1181ms)
			LoadAssemblies (134ms)
			RebuildTransferFunctionScriptingTraits (0ms)
			SetupTypeCache (522ms)
			ReleaseScriptCaches (1ms)
			RebuildScriptCaches (60ms)
			SetupLoadedEditorAssemblies (369ms)
				LogAssemblyErrors (0ms)
				InitializePlatformSupportModulesInManaged (5ms)
				SetLoadedEditorAssemblies (0ms)
				RefreshPlugins (1ms)
				BeforeProcessingInitializeOnLoad (71ms)
				ProcessInitializeOnLoadAttributes (270ms)
				ProcessInitializeOnLoadMethodAttributes (13ms)
				AfterProcessingInitializeOnLoad (8ms)
				EditorAssembliesLoaded (0ms)
			ExecutionOrderSort2 (0ms)
			AwakeInstancesAfterBackupRestoration (13ms)
Platform modules already initialized, skipping
Refreshing native plugins compatible for Editor in 0.90 ms, found 4 plugins.
Preloading 0 native plugins for Editor in 0.00 ms.
Unloading 3832 Unused Serialized files (Serialized files now loaded: 0)
System memory in use before: 146.1 MB.
System memory in use after: 146.4 MB.

Unloading 19 unused Assets to reduce memory usage. Loaded Objects now: 4321.
Total: 4.292200 ms (FindLiveObjects: 0.304100 ms CreateObjectMapping: 0.209100 ms MarkObjects: 3.751700 ms  DeleteObjects: 0.026000 ms)

AssetImportParameters requested are different than current active one (requested -> active):
  custom:framework-win-MediaFoundation: 216162199b28c13a410421893ffa2e32 -> 
  custom:video-decoder-ogg-theora: a1e56fd34408186e4bbccfd4996cb3dc -> 
  custom:container-muxer-webm: aa71ff27fc2769a1b78a27578f13a17b -> 
  custom:container-demuxer-webm: 4f35f7cbe854078d1ac9338744f61a02 -> 
  custom:container-demuxer-ogg: 62fdf1f143b41e24485cea50d1cbac27 -> 
  custom:video-encoder-webm-vp8: eb34c28f22e8b96e1ab97ce403110664 -> 
  custom:video-decoder-webm-vp8: 9c59270c3fd7afecdb556c50c9e8de78 -> 
  custom:audio-decoder-ogg-vorbis: bf7c407c2cedff20999df2af8eb42d56 -> 
  custom:audio-encoder-webm-vorbis: bf7c407c2cedff20999df2af8eb42d56 -> 
AssetImportWorkerClient::OnTransportError - code=2 error=End of file
